2021-11-01 03:02:48 [信息] [ SectionCode::ParseLibInfo ]               开始解析【支持库】数据
2021-11-01 03:02:48 [信息] [ SectionCode::ParseLibInfo ]               完成解析【支持库】数据
2021-11-01 03:02:48 [信息] [ SectionCode::ParseClasses ]               开始解析【类/程序集】数据
2021-11-01 03:02:48 [信息] [ SectionCode::ParseClasses ]               完成解析【类/程序集】数据
2021-11-01 03:02:48 [信息] [ SectionCode::ParseStructs ]               开始解析【自定义】数据
2021-11-01 03:02:48 [信息] [ SectionCode::ParseStructs ]               完成解析【自定义】数据
2021-11-01 03:02:48 [信息] [ SectionCode::WriteTxtCode ]               开始写出文本代码
2021-11-01 03:02:48 [信息] [ SectionCode::WriteTxtCode ]               正在创建代码目录 [目录] E:/Mirai/go-cqhttp-E/ServerMode/go-cqhttp-e-ServerMode.代码/代码
2021-11-01 03:02:48 [信息] [ SectionCode::WriteTxtCode ]               开始写出【类/程序集】文本代码
2021-11-01 03:02:48 [信息] [ SectionCode::WriteTxtCode_Class ]         正在写出【程序集】文本代码 [程序集] 程序集1
2021-11-01 03:02:48 [信息] [ SectionCode::WriteTxtCode_Class ]         正在写出【类】文本代码 [类] 类_CQHTTP
2021-11-01 03:02:48 [信息] [ SectionCode::WriteTxtCode_Class ]         正在写出【程序集】文本代码 [程序集] 精益模块复制的
2021-11-01 03:02:48 [信息] [ SectionCode::WriteTxtCode ]               开始写出【DLL】文本代码
2021-11-01 03:02:48 [信息] [ SectionCode::WriteTxtCode_Dlls ]          开始写出【DLL】文本代码
2021-11-01 03:02:48 [信息] [ SectionCode::WriteTxtCode_Dlls ]          完成写出【DLL】文本代码
2021-11-01 03:02:48 [信息] [ SectionCode::WriteTxtCode ]               开始写出【全局变量】文本代码
2021-11-01 03:02:48 [信息] [ SectionCode::WriteTxtCode_GlobalVars ]    开始写出【全局变量】文本代码
2021-11-01 03:02:48 [信息] [ SectionCode::WriteTxtCode_GlobalVars ]    完成写出【全局变量】文本代码
2021-11-01 03:02:48 [信息] [ SectionCode::WriteTxtCode ]               开始写出【自定义数据】文本代码
2021-11-01 03:02:48 [信息] [ SectionCode::WriteTxtCode_Structs ]       开始写出【自定义】文本代码
2021-11-01 03:02:48 [信息] [ SectionCode::WriteTxtCode_Structs ]       完成写出【自定义】文本代码
2021-11-01 03:02:48 [信息] [ SectionCode::WriteTxtCode ]               开始写出【支持库】信息
2021-11-01 03:02:48 [信息] [ SectionCode::WriteTxtCode ]               完成写出文本代码
2021-11-01 03:02:48 [信息] [ TxtCodeWriter::DoAsyncFile ]              开始同步文件列表
2021-11-01 03:02:48 [信息] [ TxtCodeWriter::DoAsyncFile ]              同步删除文件！[路径] E:/Mirai/go-cqhttp-E/ServerMode/go-cqhttp-e-ServerMode.代码/日志/信息.log
2021-11-01 03:02:48 [信息] [ TxtCodeWriter::DoAsyncFile ]              同步删除文件！[路径] E:/Mirai/go-cqhttp-E/ServerMode/go-cqhttp-e-ServerMode.代码/日志/错误.log
2021-11-01 03:02:48 [信息] [ SectionCode::WriteClasses ]               开始写出【类/程序集】数据
2021-11-01 03:02:48 [信息] [ SectionCode::WriteClasses ]               完成写出【类/程序集】数据
2021-11-01 03:02:48 [信息] [ SectionCode::WriteStructs ]               开始写出【自定义】数据
2021-11-01 03:02:48 [信息] [ SectionCode::WriteStructs ]               完成写出【自定义】数据
